TN:
SF:server/math.js
FN:2,(anonymous_0)
FN:3,(anonymous_1)
FN:6,(anonymous_2)
FN:7,(anonymous_3)
FNF:4
FNH:0
FNDA:0,(anonymous_0)
FNDA:0,(anonymous_1)
FNDA:0,(anonymous_2)
FNDA:0,(anonymous_3)
DA:2,0
DA:3,0
DA:6,0
DA:7,0
DA:9,0
LF:5
LH:0
BRF:0
BRH:0
end_of_record
TN:
SF:server/thumb-war.js
FN:3,thumbWar
FNF:1
FNH:0
FNDA:0,thumbWar
DA:1,0
DA:4,0
DA:5,0
DA:6,0
DA:7,0
DA:9,0
DA:10,0
DA:11,0
DA:12,0
DA:13,0
DA:16,0
DA:19,0
LF:12
LH:0
BRDA:7,0,0,0
BRDA:7,0,1,0
BRDA:10,1,0,0
BRDA:10,1,1,0
BRDA:12,2,0,0
BRDA:12,2,1,0
BRDA:16,3,0,0
BRDA:16,3,1,0
BRF:8
BRH:0
end_of_record
TN:
SF:server/utils.js
FN:6,getWinner
FNF:1
FNH:0
FNDA:0,getWinner
DA:7,0
DA:8,0
DA:16,0
LF:3
LH:0
BRDA:8,0,0,0
BRDA:8,0,1,0
BRDA:10,1,0,0
BRDA:10,1,1,0
BRF:4
BRH:0
end_of_record
TN:
SF:src/app.js
FN:8,App
FN:10,(anonymous_1)
FNF:2
FNH:0
FNDA:0,App
FNDA:0,(anonymous_1)
DA:9,0
DA:10,0
DA:11,0
DA:73,0
LF:4
LH:0
BRDA:47,0,0,0
BRDA:47,0,1,0
BRF:2
BRH:0
end_of_record
TN:
SF:src/calculator.js
FN:6,CalculatorKey
FN:16,(anonymous_1)
FN:17,(anonymous_2)
FN:18,(anonymous_3)
FN:19,(anonymous_4)
FN:20,(anonymous_5)
FN:23,calcReducer
FN:27,Calculator
FN:36,handleKeyDown
FN:67,(anonymous_9)
FN:69,(anonymous_10)
FN:72,clearAll
FN:81,clearDisplay
FN:87,clearLastChar
FN:93,toggleSign
FN:101,inputPercent
FN:114,inputDot
FN:123,inputDigit
FN:137,performOperation
FN:175,(anonymous_19)
FN:181,(anonymous_20)
FN:187,(anonymous_21)
FN:195,(anonymous_22)
FN:199,(anonymous_23)
FN:204,(anonymous_24)
FN:210,(anonymous_25)
FN:216,(anonymous_26)
FN:222,(anonymous_27)
FN:228,(anonymous_28)
FN:234,(anonymous_29)
FN:240,(anonymous_30)
FN:246,(anonymous_31)
FN:252,(anonymous_32)
FN:261,(anonymous_33)
FN:267,(anonymous_34)
FN:273,(anonymous_35)
FN:279,(anonymous_36)
FN:285,(anonymous_37)
FNF:38
FNH:0
FNDA:0,CalculatorKey
FNDA:0,(anonymous_1)
FNDA:0,(anonymous_2)
FNDA:0,(anonymous_3)
FNDA:0,(anonymous_4)
FNDA:0,(anonymous_5)
FNDA:0,calcReducer
FNDA:0,Calculator
FNDA:0,handleKeyDown
FNDA:0,(anonymous_9)
FNDA:0,(anonymous_10)
FNDA:0,clearAll
FNDA:0,clearDisplay
FNDA:0,clearLastChar
FNDA:0,toggleSign
FNDA:0,inputPercent
FNDA:0,inputDot
FNDA:0,inputDigit
FNDA:0,performOperation
FNDA:0,(anonymous_19)
FNDA:0,(anonymous_20)
FNDA:0,(anonymous_21)
FNDA:0,(anonymous_22)
FNDA:0,(anonymous_23)
FNDA:0,(anonymous_24)
FNDA:0,(anonymous_25)
FNDA:0,(anonymous_26)
FNDA:0,(anonymous_27)
FNDA:0,(anonymous_28)
FNDA:0,(anonymous_29)
FNDA:0,(anonymous_30)
FNDA:0,(anonymous_31)
FNDA:0,(anonymous_32)
FNDA:0,(anonymous_33)
FNDA:0,(anonymous_34)
FNDA:0,(anonymous_35)
FNDA:0,(anonymous_36)
FNDA:0,(anonymous_37)
DA:7,0
DA:11,0
DA:15,0
DA:16,0
DA:17,0
DA:18,0
DA:19,0
DA:20,0
DA:24,0
DA:28,0
DA:34,0
DA:37,0
DA:39,0
DA:41,0
DA:42,0
DA:43,0
DA:44,0
DA:45,0
DA:46,0
DA:47,0
DA:48,0
DA:49,0
DA:50,0
DA:51,0
DA:52,0
DA:53,0
DA:54,0
DA:55,0
DA:56,0
DA:57,0
DA:59,0
DA:60,0
DA:62,0
DA:67,0
DA:68,0
DA:69,0
DA:73,0
DA:82,0
DA:88,0
DA:94,0
DA:96,0
DA:102,0
DA:104,0
DA:106,0
DA:107,0
DA:109,0
DA:115,0
DA:116,0
DA:124,0
DA:125,0
DA:130,0
DA:138,0
DA:140,0
DA:141,0
DA:144,0
DA:145,0
DA:146,0
DA:148,0
DA:154,0
DA:160,0
DA:161,0
DA:163,0
DA:175,0
DA:181,0
DA:187,0
DA:195,0
DA:199,0
DA:204,0
DA:210,0
DA:216,0
DA:222,0
DA:228,0
DA:234,0
DA:240,0
DA:246,0
DA:252,0
DA:261,0
DA:267,0
DA:273,0
DA:279,0
DA:285,0
LF:81
LH:0
BRDA:6,0,0,0
BRDA:39,1,0,0
BRDA:39,1,1,0
BRDA:41,2,0,0
BRDA:41,2,1,0
BRDA:44,3,0,0
BRDA:44,3,1,0
BRDA:47,4,0,0
BRDA:47,4,1,0
BRDA:50,5,0,0
BRDA:50,5,1,0
BRDA:53,6,0,0
BRDA:53,6,1,0
BRDA:56,7,0,0
BRDA:56,7,1,0
BRDA:59,8,0,0
BRDA:59,8,1,0
BRDA:89,9,0,0
BRDA:89,9,1,0
BRDA:104,10,0,0
BRDA:104,10,1,0
BRDA:115,11,0,0
BRDA:115,11,1,0
BRDA:124,12,0,0
BRDA:124,12,1,0
BRDA:132,13,0,0
BRDA:132,13,1,0
BRDA:140,14,0,0
BRDA:140,14,1,0
BRDA:144,15,0,0
BRDA:144,15,1,0
BRDA:145,16,0,0
BRDA:145,16,1,0
BRDA:161,17,0,0
BRDA:161,17,1,0
BRDA:175,18,0,0
BRDA:175,18,1,0
BRF:37
BRH:0
end_of_record
TN:
SF:src/index.js
FN:13,FullApp
FN:18,(anonymous_1)
FN:29,(anonymous_2)
FN:30,(anonymous_3)
FN:46,(anonymous_4)
FNF:5
FNH:0
FNDA:0,FullApp
FNDA:0,(anonymous_1)
FNDA:0,(anonymous_2)
FNDA:0,(anonymous_3)
FNDA:0,(anonymous_4)
DA:9,0
DA:10,0
DA:14,0
DA:16,0
DA:18,0
DA:19,0
DA:20,0
DA:22,0
DA:29,0
DA:31,0
DA:32,0
DA:37,0
DA:38,0
DA:41,0
DA:47,0
DA:48,0
DA:57,0
LF:17
LH:0
BRDA:9,0,0,0
BRDA:9,0,1,0
BRDA:19,1,0,0
BRDA:19,1,1,0
BRDA:37,2,0,0
BRDA:37,2,1,0
BRDA:37,3,0,0
BRDA:37,3,1,0
BRF:8
BRH:0
end_of_record
TN:
SF:src/login-form.js
FN:6,LoginForm
FN:10,handleSubmit
FN:19,(anonymous_2)
FN:28,(anonymous_3)
FN:33,(anonymous_4)
FNF:5
FNH:0
FNDA:0,LoginForm
FNDA:0,handleSubmit
FNDA:0,(anonymous_2)
FNDA:0,(anonymous_3)
FNDA:0,(anonymous_4)
DA:7,0
DA:8,0
DA:11,0
DA:15,0
DA:16,0
DA:19,0
DA:20,0
DA:21,0
DA:23,0
DA:29,0
DA:30,0
DA:31,0
DA:33,0
DA:37,0
DA:87,0
LF:15
LH:0
BRDA:20,0,0,0
BRDA:20,0,1,0
BRDA:82,1,0,0
BRDA:82,1,1,0
BRF:4
BRH:0
end_of_record
TN:
SF:src/themes.js
FNF:0
FNH:0
DA:1,0
DA:6,0
LF:2
LH:0
BRF:0
BRH:0
end_of_record
TN:
SF:src/shared/auto-scaling-text.js
FN:5,getScale
FN:22,AutoScalingText
FNF:2
FNH:0
FNDA:0,getScale
FNDA:0,AutoScalingText
DA:6,0
DA:7,0
DA:8,0
DA:10,0
DA:12,0
DA:13,0
DA:14,0
DA:16,0
DA:17,0
DA:19,0
DA:23,0
DA:24,0
DA:25,0
DA:38,0
LF:14
LH:0
BRDA:7,0,0,0
BRDA:7,0,1,0
BRDA:16,1,0,0
BRDA:16,1,1,0
BRF:4
BRH:0
end_of_record
TN:
SF:src/shared/calculator-display.js
FN:7,(anonymous_0)
FN:16,CalculatorDisplay
FNF:2
FNH:0
FNDA:0,(anonymous_0)
FNDA:0,CalculatorDisplay
DA:7,0
DA:17,0
DA:22,0
DA:29,0
LF:4
LH:0
BRDA:19,0,0,0
BRDA:19,0,1,0
BRF:2
BRH:0
end_of_record
TN:
SF:src/shared/utils.js
FN:1,getFormattedValue
FNF:1
FNH:0
FNDA:0,getFormattedValue
DA:2,0
DA:6,0
DA:8,0
DA:10,0
DA:11,0
DA:13,0
LF:6
LH:0
BRDA:1,0,0,0
BRDA:10,1,0,0
BRDA:10,1,1,0
BRDA:11,2,0,0
BRDA:11,2,1,0
BRF:5
BRH:0
end_of_record
